Clock __init__
DRAM __init__
MemoryController __init__
Start
0 : events in queue 3
1631 read callback 0x0 0b11111111
1631 read callback 0x1 0b11111111
1631 read callback 0x2 0b11111111
1631 read callback 0x3 0b11111111
1631 read callback 0x4 0b11111111
1631 read callback 0x5 0b11111111
1631 read callback 0x6 0b11111111
1631 read callback 0x7 0b11111111
1705 read callback 0x20 0b11111111
1705 read callback 0x21 0b11111111
1705 read callback 0x22 0b11111111
1705 read callback 0x23 0b11111111
1705 read callback 0x24 0b11111111
1705 read callback 0x25 0b11111111
1705 read callback 0x26 0b11111111
1705 read callback 0x27 0b11111111
1779 read callback 0x40 0b11111111
1779 read callback 0x41 0b11111111
1779 read callback 0x42 0b11111111
1779 read callback 0x43 0b11111111
1779 read callback 0x44 0b11111111
1779 read callback 0x45 0b11111111
1779 read callback 0x46 0b11111111
1779 read callback 0x47 0b11111111
1853 read callback 0x60 0b11111111
1853 read callback 0x61 0b11111111
1853 read callback 0x62 0b11111111
1853 read callback 0x63 0b11111111
1853 read callback 0x64 0b11111111
1853 read callback 0x65 0b11111111
1853 read callback 0x66 0b11111111
1853 read callback 0x67 0b11111111
1927 read callback 0x80 0b11111111
1927 read callback 0x81 0b11111111
1927 read callback 0x82 0b11111111
1927 read callback 0x83 0b11111111
1927 read callback 0x84 0b11111111
1927 read callback 0x85 0b11111111
1927 read callback 0x86 0b11111111
1927 read callback 0x87 0b11111111
2001 read callback 0xa0 0b11111111
2001 read callback 0xa1 0b11111111
2001 read callback 0xa2 0b11111111
2001 read callback 0xa3 0b11111111
2001 read callback 0xa4 0b11111111
2001 read callback 0xa5 0b11111111
2001 read callback 0xa6 0b11111111
2001 read callback 0xa7 0b11111111
2075 read callback 0xc0 0b11111111
2075 read callback 0xc1 0b11111111
2075 read callback 0xc2 0b11111111
2075 read callback 0xc3 0b11111111
2075 read callback 0xc4 0b11111111
2075 read callback 0xc5 0b11111111
2075 read callback 0xc6 0b11111111
2075 read callback 0xc7 0b11111111
2149 read callback 0xe0 0b11111111
2149 read callback 0xe1 0b11111111
2149 read callback 0xe2 0b11111111
2149 read callback 0xe3 0b11111111
2149 read callback 0xe4 0b11111111
2149 read callback 0xe5 0b11111111
2149 read callback 0xe6 0b11111111
2149 read callback 0xe7 0b11111111
2223 read callback 0x100 0b11111111
2223 read callback 0x101 0b11111111
2223 read callback 0x102 0b11111111
2223 read callback 0x103 0b11111111
2223 read callback 0x104 0b11111111
2223 read callback 0x105 0b11111111
2223 read callback 0x106 0b11111111
2223 read callback 0x107 0b11111111
2297 read callback 0x120 0b11111111
2297 read callback 0x121 0b11111111
2297 read callback 0x122 0b11111111
2297 read callback 0x123 0b11111111
2297 read callback 0x124 0b11111111
2297 read callback 0x125 0b11111111
2297 read callback 0x126 0b11111111
2297 read callback 0x127 0b11111111
2371 read callback 0x140 0b11111111
2371 read callback 0x141 0b11111111
2371 read callback 0x142 0b11111111
2371 read callback 0x143 0b11111111
2371 read callback 0x144 0b11111111
2371 read callback 0x145 0b11111111
2371 read callback 0x146 0b11111111
2371 read callback 0x147 0b11111111
2445 read callback 0x160 0b10000000
2445 read callback 0x161 0b11111111
2445 read callback 0x162 0b11111111
2445 read callback 0x163 0b11111111
2445 read callback 0x164 0b11111111
2445 read callback 0x165 0b11111111
2445 read callback 0x166 0b11111111
2445 read callback 0x167 0b11111111
2519 read callback 0x180 0b11111111
2519 read callback 0x181 0b11111111
2519 read callback 0x182 0b11111111
2519 read callback 0x183 0b11111111
2519 read callback 0x184 0b11111111
2519 read callback 0x185 0b11111111
2519 read callback 0x186 0b11111111
2519 read callback 0x187 0b11111111
2593 read callback 0x1a0 0b11111111
2593 read callback 0x1a1 0b11111111
2593 read callback 0x1a2 0b11111111
2593 read callback 0x1a3 0b11111111
2593 read callback 0x1a4 0b11111111
2593 read callback 0x1a5 0b11111111
2593 read callback 0x1a6 0b11111111
2593 read callback 0x1a7 0b11111111
2667 read callback 0x1c0 0b11111111
2667 read callback 0x1c1 0b11111111
2667 read callback 0x1c2 0b11111111
2667 read callback 0x1c3 0b11111111
2667 read callback 0x1c4 0b11111111
2667 read callback 0x1c5 0b11111111
2667 read callback 0x1c6 0b11111111
2667 read callback 0x1c7 0b11111111
2741 read callback 0x1e0 0b11111111
2741 read callback 0x1e1 0b11111111
2741 read callback 0x1e2 0b11111111
2741 read callback 0x1e3 0b11111111
2741 read callback 0x1e4 0b11111111
2741 read callback 0x1e5 0b11111111
2741 read callback 0x1e6 0b11111111
2741 read callback 0x1e7 0b11111111
2815 read callback 0x200 0b11111111
2815 read callback 0x201 0b11111111
2815 read callback 0x202 0b11111111
2815 read callback 0x203 0b11111111
2815 read callback 0x204 0b11111111
2815 read callback 0x205 0b11111111
2815 read callback 0x206 0b11111111
2815 read callback 0x207 0b11111111
2889 read callback 0x220 0b11111111
2889 read callback 0x221 0b11111111
2889 read callback 0x222 0b11111111
2889 read callback 0x223 0b11111111
2889 read callback 0x224 0b11111111
2889 read callback 0x225 0b11111111
2889 read callback 0x226 0b11111111
2889 read callback 0x227 0b11111111
2963 read callback 0x240 0b11111111
2963 read callback 0x241 0b11111111
2963 read callback 0x242 0b11111111
2963 read callback 0x243 0b11111111
2963 read callback 0x244 0b11111111
2963 read callback 0x245 0b11111111
2963 read callback 0x246 0b11111111
2963 read callback 0x247 0b11111111
3037 read callback 0x260 0b11111111
3037 read callback 0x261 0b11111111
3037 read callback 0x262 0b11111111
3037 read callback 0x263 0b11111111
3037 read callback 0x264 0b11111111
3037 read callback 0x265 0b11111111
3037 read callback 0x266 0b11111111
3037 read callback 0x267 0b11111111
3111 read callback 0x280 0b11111111
3111 read callback 0x281 0b11111111
3111 read callback 0x282 0b11111111
3111 read callback 0x283 0b11111111
3111 read callback 0x284 0b11111111
3111 read callback 0x285 0b11111111
3111 read callback 0x286 0b11111111
3111 read callback 0x287 0b11111111
100000 : events in queue 4
200000 : events in queue 4
300000 : events in queue 4
400000 : events in queue 4
500000 : events in queue 4
600000 : events in queue 4
700000 : events in queue 4
800000 : events in queue 4
900000 : events in queue 4
1000000 : events in queue 4
1100000 : events in queue 4
1200000 : events in queue 3
1300000 : events in queue 3
1400000 : events in queue 4
1500000 : events in queue 4
1600000 : events in queue 4
1700000 : events in queue 4
1800000 : events in queue 4
1900000 : events in queue 4
2000000 : events in queue 4
2100000 : events in queue 4
2200000 : events in queue 4
2300000 : events in queue 4
2400000 : events in queue 4
2500000 : events in queue 4
2600000 : events in queue 3
2700000 : events in queue 4
2800000 : events in queue 4
2900000 : events in queue 3
3000000 : events in queue 4
3100000 : events in queue 4
3200000 : events in queue 3
3300000 : events in queue 4
3400000 : events in queue 4
3500000 : events in queue 3
3600000 : events in queue 4
3700000 : events in queue 4
3800000 : events in queue 3
3900000 : events in queue 4
4000000 : events in queue 4
4100000 : events in queue 3
4200000 : events in queue 4
4300000 : events in queue 4
4400000 : events in queue 3
4500000 : events in queue 4
4600000 : events in queue 4
4700000 : events in queue 3
4800000 : events in queue 4
4900000 : events in queue 4
5000000 : events in queue 3
5100000 : events in queue 4
5200000 : events in queue 4
5300000 : events in queue 3
5400000 : events in queue 4
5500000 : events in queue 4
5600000 : events in queue 3
5700000 : events in queue 4
5800000 : events in queue 4
5900000 : events in queue 3
6000000 : events in queue 4
6100000 : events in queue 4
6200000 : events in queue 3
6300000 : events in queue 4
6400000 : events in queue 4
6500000 : events in queue 3
6600000 : events in queue 4
6700000 : events in queue 4
6800000 : events in queue 3
6900000 : events in queue 4
7000000 : events in queue 4
7100000 : events in queue 3
7200000 : events in queue 3
7300000 : events in queue 3
7400000 : events in queue 3
7500000 : events in queue 3
7600000 : events in queue 3
7700000 : events in queue 3
7800000 : events in queue 3
7900000 : events in queue 3
8000000 : events in queue 3
8100000 : events in queue 3
8200000 : events in queue 3
8300000 : events in queue 3
8400000 : events in queue 3
8500000 : events in queue 3
8600000 : events in queue 3
8700000 : events in queue 3
8800000 : events in queue 3
8900000 : events in queue 3
9000000 : events in queue 3
9100000 : events in queue 3
9200000 : events in queue 3
9300000 : events in queue 3
9400000 : events in queue 3
9500000 : events in queue 3
9600000 : events in queue 3
9700000 : events in queue 3
9800000 : events in queue 3
9900000 : events in queue 3
10000000 : events in queue 3
10100000 : events in queue 3
10200000 : events in queue 3
10300000 : events in queue 3
10400000 : events in queue 3
10500000 : events in queue 3
10600000 : events in queue 3
10700000 : events in queue 3
10800000 : events in queue 3
10900000 : events in queue 3
11000000 : events in queue 3
11100000 : events in queue 3
11200000 : events in queue 3
11300000 : events in queue 3
11400000 : events in queue 3
11500000 : events in queue 3
11600000 : events in queue 3
11700000 : events in queue 3
11800000 : events in queue 3
11900000 : events in queue 3
12000000 : events in queue 3
12100000 : events in queue 3
12200000 : events in queue 3
12300000 : events in queue 3
12400000 : events in queue 3
12500000 : events in queue 3
12600000 : events in queue 3
12700000 : events in queue 3
12800000 : events in queue 3
12900000 : events in queue 3
13000000 : events in queue 3
13100000 : events in queue 3
13200000 : events in queue 3
13300000 : events in queue 3
13400000 : events in queue 3
13500000 : events in queue 3
13600000 : events in queue 3
13700000 : events in queue 3
13800000 : events in queue 3
13900000 : events in queue 3
14000000 : events in queue 3
14100000 : events in queue 3
14200000 : events in queue 3
14300000 : events in queue 3
14400000 : events in queue 3
14500000 : events in queue 3
14600000 : events in queue 3
14700000 : events in queue 3
14800000 : events in queue 3
14900000 : events in queue 3
15000000 : events in queue 3
15100000 : events in queue 3
15200000 : events in queue 3
15300000 : events in queue 3
15400000 : events in queue 3
15500000 : events in queue 3
15600000 : events in queue 3
15700000 : events in queue 3
15800000 : events in queue 3
15900000 : events in queue 3
16000000 : events in queue 3
16100000 : events in queue 3
16200000 : events in queue 3
16300000 : events in queue 3
16400000 : events in queue 3
16500000 : events in queue 3
16600000 : events in queue 3
16700000 : events in queue 3
16800000 : events in queue 3
16900000 : events in queue 3
17000000 : events in queue 3
17100000 : events in queue 3
17200000 : events in queue 3
17300000 : events in queue 3
17400000 : events in queue 3
17500000 : events in queue 3
17600000 : events in queue 3
17700000 : events in queue 3
17800000 : events in queue 3
17900000 : events in queue 3
18000000 : events in queue 3
18100000 : events in queue 3
18200000 : events in queue 3
18300000 : events in queue 3
18400000 : events in queue 3
18500000 : events in queue 3
18600000 : events in queue 3
18700000 : events in queue 3
18800000 : events in queue 3
18900000 : events in queue 3
19000000 : events in queue 3
19100000 : events in queue 3
19200000 : events in queue 3
19300000 : events in queue 3
19400000 : events in queue 3
19500000 : events in queue 3
19600000 : events in queue 3
19700000 : events in queue 3
19800000 : events in queue 3
19900000 : events in queue 3
19900127 read callback 0x0 0b11111111
19900127 read callback 0x2 0b11111111
19900127 read callback 0x4 0b11111111
19900127 read callback 0x6 0b11111111
19900200 read callback 0x20 0b11111111
19900200 read callback 0x22 0b11111111
19900200 read callback 0x24 0b11111011
19900200 read callback 0x26 0b10111111
19900273 read callback 0x40 0b11111111
19900273 read callback 0x42 0b11111111
19900273 read callback 0x44 0b11111111
19900273 read callback 0x46 0b11111111
19900346 read callback 0x60 0b11111111
19900346 read callback 0x62 0b11111111
19900346 read callback 0x64 0b11111111
19900346 read callback 0x66 0b11111111
19900419 read callback 0x80 0b11111111
19900419 read callback 0x82 0b11111111
19900419 read callback 0x84 0b11111111
19900419 read callback 0x86 0b11111111
19900492 read callback 0xa0 0b11111111
19900492 read callback 0xa2 0b11111111
19900492 read callback 0xa4 0b11111101
19900492 read callback 0xa6 0b11111111
19900565 read callback 0xc0 0b11111111
19900565 read callback 0xc2 0b11111111
19900565 read callback 0xc4 0b11111111
19900565 read callback 0xc6 0b11111110
19900638 read callback 0xe0 0b11111111
19900638 read callback 0xe2 0b11111111
19900638 read callback 0xe4 0b11111111
19900638 read callback 0xe6 0b11111111
19900711 read callback 0x100 0b11111111
19900711 read callback 0x102 0b11111111
19900711 read callback 0x104 0b11111011
19900711 read callback 0x106 0b11111101
19900784 read callback 0x120 0b11111111
19900784 read callback 0x122 0b1111111
19900784 read callback 0x124 0b11111111
19900784 read callback 0x126 0b11111111
19900857 read callback 0x140 0b1000010
19900857 read callback 0x142 0b11101011
19900857 read callback 0x144 0b110000
19900857 read callback 0x146 0b11011011
19900930 read callback 0x160 0b10000000
19900930 read callback 0x162 0b11111111
19900930 read callback 0x164 0b11111111
19900930 read callback 0x166 0b11111111
19901003 read callback 0x180 0b11111111
19901003 read callback 0x182 0b11111111
19901003 read callback 0x184 0b11111111
19901003 read callback 0x186 0b11111111
19901076 read callback 0x1a0 0b11111111
19901076 read callback 0x1a2 0b11111111
19901076 read callback 0x1a4 0b1111111
19901076 read callback 0x1a6 0b11111101
19901149 read callback 0x1c0 0b11111111
19901149 read callback 0x1c2 0b11011110
19901149 read callback 0x1c4 0b11111111
19901149 read callback 0x1c6 0b11111111
19901222 read callback 0x1e0 0b11111111
19901222 read callback 0x1e2 0b11111111
19901222 read callback 0x1e4 0b11111111
19901222 read callback 0x1e6 0b11111111
19901295 read callback 0x200 0b11111111
19901295 read callback 0x202 0b11111111
19901295 read callback 0x204 0b11111111
19901295 read callback 0x206 0b11111111
19901368 read callback 0x220 0b11111111
19901368 read callback 0x222 0b11111110
19901368 read callback 0x224 0b11111111
19901368 read callback 0x226 0b11111111
19901441 read callback 0x240 0b1111111
19901441 read callback 0x242 0b11111111
19901441 read callback 0x244 0b11111111
19901441 read callback 0x246 0b11111111
19901514 read callback 0x260 0b11111111
19901514 read callback 0x262 0b11111111
19901514 read callback 0x264 0b11111111
19901514 read callback 0x266 0b11111111
19901587 read callback 0x280 0b11111111
19901587 read callback 0x282 0b11111111
19901587 read callback 0x284 0b11111111
19901587 read callback 0x286 0b11111111
19901660 read callback 0x1 0b11111111
19901660 read callback 0x5 0b11111111
19901732 read callback 0x21 0b11111111
19901732 read callback 0x25 0b11111111
19901804 read callback 0x41 0b11111111
19901804 read callback 0x45 0b11111111
19901876 read callback 0x61 0b11111111
19901876 read callback 0x65 0b11111111
19901948 read callback 0x81 0b11111111
19901948 read callback 0x85 0b11111111
19902020 read callback 0xa1 0b11111111
19902020 read callback 0xa5 0b11111111
19902092 read callback 0xc1 0b11111111
19902092 read callback 0xc5 0b11111111
19902164 read callback 0xe1 0b11111111
19902164 read callback 0xe5 0b11111111
19902236 read callback 0x101 0b11111111
19902236 read callback 0x105 0b11111111
19902308 read callback 0x121 0b11111111
19902308 read callback 0x125 0b11111111
19902380 read callback 0x141 0b11111000
19902380 read callback 0x145 0b1101111
19902452 read callback 0x161 0b11111111
19902452 read callback 0x165 0b11111111
19902524 read callback 0x181 0b11111111
19902524 read callback 0x185 0b1111111
19902596 read callback 0x1a1 0b11111111
19902596 read callback 0x1a5 0b11111111
19902668 read callback 0x1c1 0b11111111
19902668 read callback 0x1c5 0b11111111
19902740 read callback 0x1e1 0b11111111
19902740 read callback 0x1e5 0b11111111
19902812 read callback 0x201 0b11111111
19902812 read callback 0x205 0b11111111
19902884 read callback 0x221 0b11111111
19902884 read callback 0x225 0b11111111
19902956 read callback 0x241 0b111111
19902956 read callback 0x245 0b11111111
19903028 read callback 0x261 0b11111111
19903028 read callback 0x265 0b11111101
19903100 read callback 0x281 0b11111111
19903100 read callback 0x285 0b11111111
19903172 read callback 0x3 0b11111111
19903243 read callback 0x23 0b11111111
19903314 read callback 0x43 0b11111111
19903385 read callback 0x63 0b11111111
19903456 read callback 0x83 0b11011111
19903527 read callback 0xa3 0b11111111
19903598 read callback 0xc3 0b11111111
19903669 read callback 0xe3 0b11110111
19903740 read callback 0x103 0b11111111
19903811 read callback 0x123 0b11111111
19903882 read callback 0x143 0b1111
19903953 read callback 0x163 0b11111111
19904024 read callback 0x183 0b11111111
19904095 read callback 0x1a3 0b11111111
19904166 read callback 0x1c3 0b11111111
19904237 read callback 0x1e3 0b11111111
19904308 read callback 0x203 0b11111111
19904379 read callback 0x223 0b11111111
19904450 read callback 0x243 0b11111111
19904521 read callback 0x263 0b11111111
19904592 read callback 0x283 0b11111111
19904663 read callback 0x7 0b11111111
19904734 read callback 0x47 0b11111111
19904805 read callback 0x87 0b11111111
19904876 read callback 0xc7 0b11111111
19904947 read callback 0x107 0b11111111
19905018 read callback 0x147 0b11101101
19905089 read callback 0x187 0b11111111
19905160 read callback 0x1c7 0b11011111
19905231 read callback 0x207 0b11111111
19905302 read callback 0x247 0b11111111
19905373 read callback 0x287 0b11111111
19905444 read callback 0x27 0b11111111
19905515 read callback 0xa7 0b11111111
19905586 read callback 0x127 0b11111111
19905657 read callback 0x1a7 0b11111111
19905728 read callback 0x227 0b11111111
19905799 read callback 0x67 0b11111111
19905870 read callback 0x167 0b11111111
19905941 read callback 0x267 0b11111111
19906012 read callback 0xe7 0b11111111
19906083 read callback 0x1e7 0b11111111
